<?xml version="1.0" encoding="UTF-8"?>
<!-- Generated by org.testng.reporters.JUnitXMLReporter -->
<testsuite ignored="0" hostname="LAPTOP-A00CP6PV" failures="0" tests="4" name="Default test" time="0.044" errors="0" timestamp="2023-04-22T22:54:41 IST">
  <testcase classname="comm.MyPlaylist.Test.MyPlaylistTest" name="addSongsPlayistOnlyAddsMaxCapacitySongs" time="0.006"/>
  <testcase classname="comm.MyPlaylist.Test.MyPlaylistTest" name="addSongsPlayistSongsAddedSuccesfully" time="0.002"/>
  <testcase classname="comm.MyPlaylist.Test.MyPlaylistTest" name="addSongsToPlayistMultiUser" time="0.001"/>
  <testcase classname="comm.MyPlaylist.Test.MyPlaylistTest" name="getLatestPlayedSong" time="0.001"/>
</testsuite> <!-- Default test -->
