<?xml version="1.0" encoding="UTF-8"?>
<!-- Generated by org.testng.reporters.JUnitXMLReporter -->
<testsuite ignored="0" hostname="LAPTOP-A00CP6PV" failures="0" tests="4" name="Test" time="0.049" errors="0" timestamp="2023-04-22T22:55:06 IST">
  <testcase classname="comm.MyPlaylist.Test.MyPlaylistTest" name="addSongsPlayistOnlyAddsMaxCapacitySongs" time="0.008"/>
  <testcase classname="comm.MyPlaylist.Test.MyPlaylistTest" name="addSongsPlayistSongsAddedSuccesfully" time="0.001"/>
  <testcase classname="comm.MyPlaylist.Test.MyPlaylistTest" name="addSongsToPlayistMultiUser" time="0.001"/>
  <testcase classname="comm.MyPlaylist.Test.MyPlaylistTest" name="getLatestPlayedSong" time="0.002"/>
</testsuite> <!-- Test -->
