<?xml version="1.0" encoding="UTF-8"?>
<testng-results ignored="0" total="4" passed="4" failed="0" skipped="0">
  <reporter-output>
  </reporter-output>
  <suite started-at="2023-04-22T22:55:06 IST" name="Suite" finished-at="2023-04-22T22:55:06 IST" duration-ms="49">
    <groups>
    </groups>
    <test started-at="2023-04-22T22:55:06 IST" name="Test" finished-at="2023-04-22T22:55:06 IST" duration-ms="49">
      <class name="comm.MyPlaylist.Test.MyPlaylistTest">
        <test-method is-config="true" signature="testSetUp()[pri:0, instance:comm.MyPlaylist.Test.MyPlaylistTest@36c88a32]" started-at="2023-04-22T22:55:06 IST" name="testSetUp" finished-at="2023-04-22T22:55:06 IST" duration-ms="7" status="PASS">
          <reporter-output>
          </reporter-output>
        </test-method> <!-- testSetUp -->
        <test-method signature="addSongsPlayistOnlyAddsMaxCapacitySongs()[pri:0, instance:comm.MyPlaylist.Test.MyPlaylistTest@36c88a32]" started-at="2023-04-22T22:55:06 IST" name="addSongsPlayistOnlyAddsMaxCapacitySongs" finished-at="2023-04-22T22:55:06 IST" duration-ms="8" status="PASS">
          <reporter-output>
          </reporter-output>
        </test-method> <!-- addSongsPlayistOnlyAddsMaxCapacitySongs -->
        <test-method is-config="true" signature="cleanUpPlayist()[pri:0, instance:comm.MyPlaylist.Test.MyPlaylistTest@36c88a32]" started-at="2023-04-22T22:55:06 IST" name="cleanUpPlayist" finished-at="2023-04-22T22:55:06 IST" duration-ms="0" status="PASS">
          <reporter-output>
          </reporter-output>
        </test-method> <!-- cleanUpPlayist -->
        <test-method signature="addSongsPlayistSongsAddedSuccesfully()[pri:0, instance:comm.MyPlaylist.Test.MyPlaylistTest@36c88a32]" started-at="2023-04-22T22:55:06 IST" name="addSongsPlayistSongsAddedSuccesfully" finished-at="2023-04-22T22:55:06 IST" duration-ms="1" status="PASS">
          <reporter-output>
          </reporter-output>
        </test-method> <!-- addSongsPlayistSongsAddedSuccesfully -->
        <test-method is-config="true" signature="cleanUpPlayist()[pri:0, instance:comm.MyPlaylist.Test.MyPlaylistTest@36c88a32]" started-at="2023-04-22T22:55:06 IST" name="cleanUpPlayist" finished-at="2023-04-22T22:55:06 IST" duration-ms="0" status="PASS">
          <reporter-output>
          </reporter-output>
        </test-method> <!-- cleanUpPlayist -->
        <test-method signature="addSongsToPlayistMultiUser()[pri:0, instance:comm.MyPlaylist.Test.MyPlaylistTest@36c88a32]" started-at="2023-04-22T22:55:06 IST" name="addSongsToPlayistMultiUser" finished-at="2023-04-22T22:55:06 IST" duration-ms="1" status="PASS">
          <reporter-output>
          </reporter-output>
        </test-method> <!-- addSongsToPlayistMultiUser -->
        <test-method is-config="true" signature="cleanUpPlayist()[pri:0, instance:comm.MyPlaylist.Test.MyPlaylistTest@36c88a32]" started-at="2023-04-22T22:55:06 IST" name="cleanUpPlayist" finished-at="2023-04-22T22:55:06 IST" duration-ms="0" status="PASS">
          <reporter-output>
          </reporter-output>
        </test-method> <!-- cleanUpPlayist -->
        <test-method signature="getLatestPlayedSong()[pri:0, instance:comm.MyPlaylist.Test.MyPlaylistTest@36c88a32]" started-at="2023-04-22T22:55:06 IST" name="getLatestPlayedSong" finished-at="2023-04-22T22:55:06 IST" duration-ms="2" status="PASS">
          <reporter-output>
          </reporter-output>
        </test-method> <!-- getLatestPlayedSong -->
        <test-method is-config="true" signature="cleanUpPlayist()[pri:0, instance:comm.MyPlaylist.Test.MyPlaylistTest@36c88a32]" started-at="2023-04-22T22:55:06 IST" name="cleanUpPlayist" finished-at="2023-04-22T22:55:06 IST" duration-ms="0" status="PASS">
          <reporter-output>
          </reporter-output>
        </test-method> <!-- cleanUpPlayist -->
      </class> <!-- comm.MyPlaylist.Test.MyPlaylistTest -->
    </test> <!-- Test -->
  </suite> <!-- Suite -->
</testng-results>
